{"name": "Test3: Add Three Notebooks to Shopping Cart", "status": "failed", "statusDetails": {"message": "AssertionError: Count of elements is: 2, but must be: 3", "trace": "self = <test_cases.test_web.TestWeb object at 0x00000151ED3695B0>\n\n    @allure.title('Test3: Add Three Notebooks to Shopping Cart')\n    @allure.description('This test verifies that three notebooks were added to the shopping cart and checks for the appropriate message')\n    def test_adding_item_to_shopping_cart(self):\n        Webflows.verify_notebooks()\n        Webflows.adding_notebook_to_shopping_cart(1)\n        Webflows.adding_notebook_to_shopping_cart(2)\n        Webflows.adding_notebook_to_shopping_cart(3)\n>       Webflows.shopping_cart_with_items(2)\n\ntest_web.py:39: \n_ _ _ _ _ _ _ _ _ _ _ _ _ _ _ _ _ _ _ _ _ _ _ _ _ _ _ _ _ _ _ _ _ _ _ _ _ _ _ _ _ _ _ _ _ _ _ _ _ _ _ _ _ _ _ _ _ _ _ _ _ _ _ _ _ _ _ _ _ _ _ _ _ _ _ _ _ _ _ _ _ _\n..\\workflows\\webflows.py:74: in shopping_cart_with_items\n    Verifications.verify_count_elements(expected_count, actual_count)\n_ _ _ _ _ _ _ _ _ _ _ _ _ _ _ _ _ _ _ _ _ _ _ _ _ _ _ _ _ _ _ _ _ _ _ _ _ _ _ _ _ _ _ _ _ _ _ _ _ _ _ _ _ _ _ _ _ _ _ _ _ _ _ _ _ _ _ _ _ _ _ _ _ _ _ _ _ _ _ _ _ _\n\nexpected_count = 2\nactual_count = [<selenium.webdriver.support.event_firing_webdriver.EventFiringWebElement object at 0x00000151ED415A30>, <selenium.web...00151ED415880>, <selenium.webdriver.support.event_firing_webdriver.EventFiringWebElement object at 0x00000151ED415CD0>]\n\n    @staticmethod\n    @allure.step('Verify number of the elements')\n    def verify_count_elements(expected_count, actual_count):\n>       assert len(\n            actual_count) == expected_count, f\"Count of elements is: {str(expected_count)}, but must be: {str(len(actual_count))}\"\nE       AssertionError: Count of elements is: 2, but must be: 3\n\n..\\extensions\\verifications.py:41: AssertionError"}, "description": "This test verifies that three notebooks were added to the shopping cart and checks for the appropriate message", "steps": [{"name": "Mouse over from Computers to Notebooks", "status": "passed", "steps": [{"name": "Verify an element with smart assertions", "status": "passed", "parameters": [{"name": "element", "value": "<selenium.webdriver.support.event_firing_webdriver.EventFiringWebElement object at 0x00000151ED39A120>"}], "start": 1721310386724, "stop": 1721310386747}, {"name": "Mouse over two elements", "status": "passed", "parameters": [{"name": "elem1", "value": "<selenium.webdriver.remote.webelement.WebElement (session=\"5fff37a6084221dd4093e2e62dd9d9db\", element=\"f.7C32F48D72F2BE89CBB760954316EA7A.d.9E6FC23B7E9A16AF5611441E2F6D142E.e.89\")>"}, {"name": "elem2", "value": "<selenium.webdriver.remote.webelement.WebElement (session=\"5fff37a6084221dd4093e2e62dd9d9db\", element=\"f.7C32F48D72F2BE89CBB760954316EA7A.d.9E6FC23B7E9A16AF5611441E2F6D142E.e.90\")>"}], "start": 1721310386771, "stop": 1721310388643}], "start": 1721310386708, "stop": 1721310393646}, {"name": "Choose items from the Notebooks section", "status": "passed", "steps": [{"name": "Verify an element with smart assertions", "status": "passed", "parameters": [{"name": "element", "value": "<selenium.webdriver.support.event_firing_webdriver.EventFiringWebElement object at 0x00000151ED39B110>"}], "start": 1721310393677, "stop": 1721310393702}, {"name": "Click on element", "status": "passed", "parameters": [{"name": "elem", "value": "<selenium.webdriver.support.event_firing_webdriver.EventFiringWebElement object at 0x00000151ED399610>"}], "start": 1721310393715, "stop": 1721310393778}, {"name": "Verify an element is display", "status": "passed", "parameters": [{"name": "elem", "value": "<selenium.webdriver.support.event_firing_webdriver.EventFiringWebElement object at 0x00000151EC6FF200>"}], "start": 1721310394187, "stop": 1721310394201}], "parameters": [{"name": "element_index", "value": "1"}], "start": 1721310393646, "stop": 1721310399203}, {"name": "Choose items from the Notebooks section", "status": "passed", "steps": [{"name": "Verify an element with smart assertions", "status": "passed", "parameters": [{"name": "element", "value": "<selenium.webdriver.support.event_firing_webdriver.EventFiringWebElement object at 0x00000151ED39BF80>"}], "start": 1721310399227, "stop": 1721310399245}, {"name": "Click on element", "status": "passed", "parameters": [{"name": "elem", "value": "<selenium.webdriver.support.event_firing_webdriver.EventFiringWebElement object at 0x00000151ED39B680>"}], "start": 1721310399261, "stop": 1721310399316}, {"name": "Verify an element is display", "status": "passed", "parameters": [{"name": "elem", "value": "<selenium.webdriver.support.event_firing_webdriver.EventFiringWebElement object at 0x00000151ED3243B0>"}], "start": 1721310399665, "stop": 1721310399679}], "parameters": [{"name": "element_index", "value": "2"}], "start": 1721310399203, "stop": 1721310404680}, {"name": "Choose items from the Notebooks section", "status": "passed", "steps": [{"name": "Verify an element with smart assertions", "status": "passed", "parameters": [{"name": "element", "value": "<selenium.webdriver.support.event_firing_webdriver.EventFiringWebElement object at 0x00000151ED4149E0>"}], "start": 1721310404704, "stop": 1721310404730}, {"name": "Click on element", "status": "passed", "parameters": [{"name": "elem", "value": "<selenium.webdriver.support.event_firing_webdriver.EventFiringWebElement object at 0x00000151ED414CE0>"}], "start": 1721310404740, "stop": 1721310404795}, {"name": "Verify an element is display", "status": "passed", "parameters": [{"name": "elem", "value": "<selenium.webdriver.support.event_firing_webdriver.EventFiringWebElement object at 0x00000151ED325130>"}], "start": 1721310405209, "stop": 1721310405225}], "parameters": [{"name": "element_index", "value": "3"}], "start": 1721310404680, "stop": 1721310410227}, {"name": "Verify the item count in the Shopping Cart after adding", "status": "failed", "statusDetails": {"message": "AssertionError: Count of elements is: 2, but must be: 3\n", "trace": "  File \"C:\\development\\PythonAtidAutomation\\final_project_infrastructure\\venv\\Lib\\site-packages\\allure_commons\\_allure.py\", line 192, in impl\n    return func(*a, **kw)\n           ^^^^^^^^^^^^^^\n  File \"C:\\development\\PythonAtidAutomation\\final_project_infrastructure\\workflows\\webflows.py\", line 74, in shopping_cart_with_items\n    Verifications.verify_count_elements(expected_count, actual_count)\n  File \"C:\\development\\PythonAtidAutomation\\final_project_infrastructure\\venv\\Lib\\site-packages\\allure_commons\\_allure.py\", line 192, in impl\n    return func(*a, **kw)\n           ^^^^^^^^^^^^^^\n  File \"C:\\development\\PythonAtidAutomation\\final_project_infrastructure\\extensions\\verifications.py\", line 41, in verify_count_elements\n    assert len(\n"}, "steps": [{"name": "Click on element", "status": "passed", "parameters": [{"name": "elem", "value": "<selenium.webdriver.support.event_firing_webdriver.EventFiringWebElement object at 0x00000151ED39B680>"}], "start": 1721310410250, "stop": 1721310411263}, {"name": "Verify an element with smart assertions", "status": "passed", "parameters": [{"name": "element", "value": "<selenium.webdriver.support.event_firing_webdriver.EventFiringWebElement object at 0x00000151ED39B680>"}], "start": 1721310416285, "stop": 1721310416317}, {"name": "Verify number of the elements", "status": "failed", "statusDetails": {"message": "AssertionError: Count of elements is: 2, but must be: 3\n", "trace": "  File \"C:\\development\\PythonAtidAutomation\\final_project_infrastructure\\venv\\Lib\\site-packages\\allure_commons\\_allure.py\", line 192, in impl\n    return func(*a, **kw)\n           ^^^^^^^^^^^^^^\n  File \"C:\\development\\PythonAtidAutomation\\final_project_infrastructure\\extensions\\verifications.py\", line 41, in verify_count_elements\n    assert len(\n"}, "parameters": [{"name": "expected_count", "value": "2"}, {"name": "actual_count", "value": "[<selenium.webdriver.support.event_firing_webdriver.EventFiringWebElement object at 0x00000151ED415A30>, <selenium.webdriver.support.event_firing_webdriver.EventFiringWebElement object at 0x00000151ED415880>, <selenium.webdriver.support.event_firing_webdriver.EventFiringWebElement object at 0x00000151ED415CD0>]"}], "start": 1721310416328, "stop": 1721310416328}], "parameters": [{"name": "expected_count", "value": "2"}], "start": 1721310410227, "stop": 1721310416328}], "attachments": [{"source": "a4b59763-76fb-457d-ad94-d877e22fc91c-attachment.png", "type": "image/png"}], "start": 1721310386708, "stop": 1721310416328, "uuid": "410ce931-b024-47b0-98ee-94cd21f51e17", "historyId": "6ba5e55832cd92b1140ebe4ad019bb8a", "testCaseId": "6ba5e55832cd92b1140ebe4ad019bb8a", "fullName": "test_web.TestWeb#test_adding_item_to_shopping_cart", "labels": [{"name": "tag", "value": "@pytest.mark.usefixtures('_init_web_driver')"}, {"name": "suite", "value": "test_web"}, {"name": "subSuite", "value": "TestWeb"}, {"name": "host", "value": "DESKTOP-G5O934A"}, {"name": "thread", "value": "1552-MainThread"}, {"name": "framework", "value": "pytest"}, {"name": "language", "value": "cpython3"}, {"name": "package", "value": "test_web"}]}